<?xml version="1.0" encoding="UTF-8"?>
<testsuite name="com.technicaltest.ListsImplementedUtilsTest" time="0" tests="3" errors="0" skipped="0" failures="0">
  <properties>
[...]
</properties>
  <testcase name="sortListTest" classname="com.technicaltest.ListsImplementedUtilsTest" time="0"/>
  <testcase name="fileExistsTest" classname="com.technicaltest.ListsImplementedUtilsTest" time="0"/>
  <testcase name="findCommonElementSortedListsTest" classname="com.technicaltest.ListsImplementedUtilsTest" time="0"/>
</testsuite>